{
  "stats": {
    "suites": 1,
    "tests": 3,
    "passes": 3,
    "pending": 0,
    "failures": 0,
    "start": "2021-03-10T15:52:07.017Z",
    "end": "2021-03-10T15:52:07.254Z",
    "duration": 237,
    "testsRegistered": 3,
    "passPercent": 100,
    "pendingPercent": 0,
    "other": 0,
    "hasOther": false,
    "skipped": 0,
    "hasSkipped": false
  },
  "results": [
    {
      "uuid": "acc4808f-e196-4679-b877-9d568efb8e2e",
      "title": "",
      "fullFile": "cypress\\integration\\ReadWriteFile.spec.ts",
      "file": "cypress\\integration\\ReadWriteFile.spec.ts",
      "beforeHooks": [],
      "afterHooks": [],
      "tests": [],
      "suites": [
        {
          "uuid": "a31e1581-5963-4cf0-b96c-7e33f3a0ece3",
          "title": "read Write file demo",
          "fullFile": "",
          "file": "",
          "beforeHooks": [],
          "afterHooks": [],
          "tests": [
            {
              "title": "read file using fixture",
              "fullTitle": "read Write file demo read file using fixture",
              "timedOut": null,
              "duration": 99,
              "state": "passed",
              "speed": "slow",
              "pass": true,
              "fail": false,
              "pending": false,
              "context": null,
              "code": "cy.fixture('example.json')\n    .its('name').should('eq', 'cypress');\n//want to access file data\ncy.log(this.data.name);\ncy.log(this.data.email);",
              "err": {},
              "uuid": "47a6b4c1-c49b-4896-b9ce-fc770c4da2a5",
              "parentUUID": "a31e1581-5963-4cf0-b96c-7e33f3a0ece3",
              "isHook": false,
              "skipped": false
            },
            {
              "title": "Read file using ReadFile cmd",
              "fullTitle": "read Write file demo Read file using ReadFile cmd",
              "timedOut": null,
              "duration": 47,
              "state": "passed",
              "speed": "medium",
              "pass": true,
              "fail": false,
              "pending": false,
              "context": null,
              "code": "cy.readFile('./cypress/fixtures/example.json')\n    .its('name').should('eq', 'cypress');",
              "err": {},
              "uuid": "98fa9ce1-91d7-4ed3-b8df-6b2580193500",
              "parentUUID": "a31e1581-5963-4cf0-b96c-7e33f3a0ece3",
              "isHook": false,
              "skipped": false
            },
            {
              "title": "Write file demo",
              "fullTitle": "read Write file demo Write file demo",
              "timedOut": null,
              "duration": 44,
              "state": "passed",
              "speed": "medium",
              "pass": true,
              "fail": false,
              "pending": false,
              "context": null,
              "code": "cy.writeFile('sample.txt', 'Hello i am learning cypress');\ncy.writeFile('sample.txt', '\\nThis is interesting', { flag: 'a+' });",
              "err": {},
              "uuid": "7e0ffd90-9e1e-4e1e-babc-dda0a43d427d",
              "parentUUID": "a31e1581-5963-4cf0-b96c-7e33f3a0ece3",
              "isHook": false,
              "skipped": false
            }
          ],
          "suites": [],
          "passes": [
            "47a6b4c1-c49b-4896-b9ce-fc770c4da2a5",
            "98fa9ce1-91d7-4ed3-b8df-6b2580193500",
            "7e0ffd90-9e1e-4e1e-babc-dda0a43d427d"
          ],
          "failures": [],
          "pending": [],
          "skipped": [],
          "duration": 190,
          "root": false,
          "rootEmpty": false,
          "_timeout": 2000
        }
      ],
      "passes": [],
      "failures": [],
      "pending": [],
      "skipped": [],
      "duration": 0,
      "root": true,
      "rootEmpty": true,
      "_timeout": 2000
    }
  ],
  "meta": {
    "mocha": {
      "version": "7.0.1"
    },
    "mochawesome": {
      "options": {
        "quiet": false,
        "reportFilename": "mochawesome",
        "saveHtml": false,
        "saveJson": true,
        "consoleReporter": "spec",
        "useInlineDiffs": false,
        "code": true
      },
      "version": "6.2.2"
    },
    "marge": {
      "options": {
        "reportDir": "cypress/results/json",
        "overwrite": false,
        "html": false,
        "json": true
      },
      "version": "5.2.0"
    }
  }
}