{
  "stats": {
    "suites": 1,
    "tests": 3,
    "passes": 3,
    "pending": 0,
    "failures": 0,
    "start": "2021-03-11T08:44:14.331Z",
    "end": "2021-03-11T08:44:21.440Z",
    "duration": 7109,
    "testsRegistered": 3,
    "passPercent": 100,
    "pendingPercent": 0,
    "other": 0,
    "hasOther": false,
    "skipped": 0,
    "hasSkipped": false
  },
  "results": [
    {
      "uuid": "2d3fce9c-79de-44a8-8960-2854e89d0635",
      "title": "",
      "fullFile": "cypress\\integration\\login.ts",
      "file": "cypress\\integration\\login.ts",
      "beforeHooks": [],
      "afterHooks": [],
      "tests": [],
      "suites": [
        {
          "uuid": "1cdde160-8fa5-4fe5-9c46-3d929f21a6ee",
          "title": "All login tests",
          "fullFile": "",
          "file": "",
          "beforeHooks": [],
          "afterHooks": [],
          "tests": [
            {
              "title": "login test - valid credentials",
              "fullTitle": "All login tests login test - valid credentials",
              "timedOut": null,
              "duration": 1927,
              "state": "passed",
              "speed": "slow",
              "pass": true,
              "fail": false,
              "pending": false,
              "context": null,
              "code": "loginPage.loginWithValidCredentials('test', 'test');",
              "err": {},
              "uuid": "3ed9c9da-305b-4755-81b5-21982586dcee",
              "parentUUID": "1cdde160-8fa5-4fe5-9c46-3d929f21a6ee",
              "isHook": false,
              "skipped": false
            },
            {
              "title": "login test - Invalid credentials",
              "fullTitle": "All login tests login test - Invalid credentials",
              "timedOut": null,
              "duration": 902,
              "state": "passed",
              "speed": "slow",
              "pass": true,
              "fail": false,
              "pending": false,
              "context": null,
              "code": "loginPage.loginWithInvalidCredentials('abc', '123');",
              "err": {},
              "uuid": "19b78aa6-df9a-447b-a0f3-3b4dc50e95e6",
              "parentUUID": "1cdde160-8fa5-4fe5-9c46-3d929f21a6ee",
              "isHook": false,
              "skipped": false
            },
            {
              "title": "login test - valid custom commands",
              "fullTitle": "All login tests login test - valid custom commands",
              "timedOut": null,
              "duration": 1562,
              "state": "passed",
              "speed": "slow",
              "pass": true,
              "fail": false,
              "pending": false,
              "context": null,
              "code": "loginPage.loginWithValidCustomCommands('test', 'test');",
              "err": {},
              "uuid": "099c112c-c5f1-4d29-a256-9d9b888921c7",
              "parentUUID": "1cdde160-8fa5-4fe5-9c46-3d929f21a6ee",
              "isHook": false,
              "skipped": false
            }
          ],
          "suites": [],
          "passes": [
            "3ed9c9da-305b-4755-81b5-21982586dcee",
            "19b78aa6-df9a-447b-a0f3-3b4dc50e95e6",
            "099c112c-c5f1-4d29-a256-9d9b888921c7"
          ],
          "failures": [],
          "pending": [],
          "skipped": [],
          "duration": 4391,
          "root": false,
          "rootEmpty": false,
          "_timeout": 2000
        }
      ],
      "passes": [],
      "failures": [],
      "pending": [],
      "skipped": [],
      "duration": 0,
      "root": true,
      "rootEmpty": true,
      "_timeout": 2000
    }
  ],
  "meta": {
    "mocha": {
      "version": "7.0.1"
    },
    "mochawesome": {
      "options": {
        "quiet": false,
        "reportFilename": "mochawesome",
        "saveHtml": false,
        "saveJson": true,
        "consoleReporter": "spec",
        "useInlineDiffs": false,
        "code": true
      },
      "version": "6.2.2"
    },
    "marge": {
      "options": {
        "reportDir": "cypress/results/json",
        "overwrite": false,
        "html": false,
        "json": true
      },
      "version": "5.2.0"
    }
  }
}