{
  "stats": {
    "suites": 1,
    "tests": 3,
    "passes": 3,
    "pending": 0,
    "failures": 0,
    "start": "2021-03-04T05:09:02.149Z",
    "end": "2021-03-04T05:09:02.363Z",
    "duration": 214,
    "testsRegistered": 3,
    "passPercent": 100,
    "pendingPercent": 0,
    "other": 0,
    "hasOther": false,
    "skipped": 0,
    "hasSkipped": false
  },
  "results": [
    {
      "uuid": "180b1db0-7cc5-423d-a441-df17fb29b90e",
      "title": "",
      "fullFile": "cypress\\integration\\ReadWriteFile.spec.ts",
      "file": "cypress\\integration\\ReadWriteFile.spec.ts",
      "beforeHooks": [],
      "afterHooks": [],
      "tests": [],
      "suites": [
        {
          "uuid": "fc0e8f8f-1473-445b-9ce8-6525a33d65fd",
          "title": "read Write file demo",
          "fullFile": "",
          "file": "",
          "beforeHooks": [],
          "afterHooks": [],
          "tests": [
            {
              "title": "read file using fixture",
              "fullTitle": "read Write file demo read file using fixture",
              "timedOut": null,
              "duration": 91,
              "state": "passed",
              "speed": "slow",
              "pass": true,
              "fail": false,
              "pending": false,
              "context": null,
              "code": "cy.fixture('example.json')\n    .its('name').should('eq', 'cypress');\n//want to access file data\ncy.log(this.data.name);\ncy.log(this.data.email);",
              "err": {},
              "uuid": "0eb83e35-908b-485b-acdd-9c9c82b2b9e8",
              "parentUUID": "fc0e8f8f-1473-445b-9ce8-6525a33d65fd",
              "isHook": false,
              "skipped": false
            },
            {
              "title": "Read file using ReadFile cmd",
              "fullTitle": "read Write file demo Read file using ReadFile cmd",
              "timedOut": null,
              "duration": 35,
              "state": "passed",
              "speed": "fast",
              "pass": true,
              "fail": false,
              "pending": false,
              "context": null,
              "code": "cy.readFile('./cypress/fixtures/example.json')\n    .its('name').should('eq', 'cypress');",
              "err": {},
              "uuid": "4ff7b62a-786e-4d33-9223-5cf7a2bf4f43",
              "parentUUID": "fc0e8f8f-1473-445b-9ce8-6525a33d65fd",
              "isHook": false,
              "skipped": false
            },
            {
              "title": "Write file demo",
              "fullTitle": "read Write file demo Write file demo",
              "timedOut": null,
              "duration": 42,
              "state": "passed",
              "speed": "medium",
              "pass": true,
              "fail": false,
              "pending": false,
              "context": null,
              "code": "cy.writeFile('sample.txt', 'Hello i am learning cypress');\ncy.writeFile('sample.txt', '\\nThis is interesting', { flag: 'a+' });",
              "err": {},
              "uuid": "1ccae15a-be49-4b01-848c-814d8a0d33ff",
              "parentUUID": "fc0e8f8f-1473-445b-9ce8-6525a33d65fd",
              "isHook": false,
              "skipped": false
            }
          ],
          "suites": [],
          "passes": [
            "0eb83e35-908b-485b-acdd-9c9c82b2b9e8",
            "4ff7b62a-786e-4d33-9223-5cf7a2bf4f43",
            "1ccae15a-be49-4b01-848c-814d8a0d33ff"
          ],
          "failures": [],
          "pending": [],
          "skipped": [],
          "duration": 168,
          "root": false,
          "rootEmpty": false,
          "_timeout": 2000
        }
      ],
      "passes": [],
      "failures": [],
      "pending": [],
      "skipped": [],
      "duration": 0,
      "root": true,
      "rootEmpty": true,
      "_timeout": 2000
    }
  ],
  "meta": {
    "mocha": {
      "version": "7.0.1"
    },
    "mochawesome": {
      "options": {
        "quiet": false,
        "reportFilename": "mochawesome",
        "saveHtml": false,
        "saveJson": true,
        "consoleReporter": "spec",
        "useInlineDiffs": false,
        "code": true
      },
      "version": "6.2.2"
    },
    "marge": {
      "options": {
        "reportDir": "cypress/results/json",
        "overwrite": false,
        "html": false,
        "json": true
      },
      "version": "5.2.0"
    }
  }
}