{
  "stats": {
    "suites": 1,
    "tests": 2,
    "passes": 2,
    "pending": 0,
    "failures": 0,
    "start": "2021-03-11T08:49:24.747Z",
    "end": "2021-03-11T08:49:27.175Z",
    "duration": 2428,
    "testsRegistered": 2,
    "passPercent": 100,
    "pendingPercent": 0,
    "other": 0,
    "hasOther": false,
    "skipped": 0,
    "hasSkipped": false
  },
  "results": [
    {
      "uuid": "9e6b25d6-fd01-4ab5-b92d-714daee51d03",
      "title": "",
      "fullFile": "cypress\\integration\\recordingDemo.js",
      "file": "cypress\\integration\\recordingDemo.js",
      "beforeHooks": [],
      "afterHooks": [],
      "tests": [],
      "suites": [
        {
          "uuid": "0d22f391-35e1-42b8-b087-04e586e61573",
          "title": "Recorded tests",
          "fullFile": "",
          "file": "",
          "beforeHooks": [],
          "afterHooks": [],
          "tests": [
            {
              "title": "My first recorded test",
              "fullTitle": "Recorded tests My first recorded test",
              "timedOut": null,
              "duration": 42,
              "state": "passed",
              "speed": "medium",
              "pass": true,
              "fail": false,
              "pending": false,
              "context": null,
              "code": "",
              "err": {},
              "uuid": "20fcb47b-7ce0-4fbe-827b-c926bf486990",
              "parentUUID": "0d22f391-35e1-42b8-b087-04e586e61573",
              "isHook": false,
              "skipped": false
            },
            {
              "title": "My recorded test",
              "fullTitle": "Recorded tests My recorded test",
              "timedOut": null,
              "duration": 1085,
              "state": "passed",
              "speed": "slow",
              "pass": true,
              "fail": false,
              "pending": false,
              "context": null,
              "code": "/* ==== Generated with Cypress Studio ==== */\ncy.visit('https://trytestingthis.netlify.app/');\ncy.get('#fname').type('test');\ncy.get('#lname').type('test'); //cy.get('.main').click();\ncy.get('[type=\"submit\"]').click();\n/* ==== End Cypress Studio ==== */",
              "err": {},
              "uuid": "4d60f968-e1b0-473d-bd79-217c38cf9d1c",
              "parentUUID": "0d22f391-35e1-42b8-b087-04e586e61573",
              "isHook": false,
              "skipped": false
            }
          ],
          "suites": [],
          "passes": [
            "20fcb47b-7ce0-4fbe-827b-c926bf486990",
            "4d60f968-e1b0-473d-bd79-217c38cf9d1c"
          ],
          "failures": [],
          "pending": [],
          "skipped": [],
          "duration": 1127,
          "root": false,
          "rootEmpty": false,
          "_timeout": 2000
        }
      ],
      "passes": [],
      "failures": [],
      "pending": [],
      "skipped": [],
      "duration": 0,
      "root": true,
      "rootEmpty": true,
      "_timeout": 2000
    }
  ],
  "meta": {
    "mocha": {
      "version": "7.0.1"
    },
    "mochawesome": {
      "options": {
        "quiet": false,
        "reportFilename": "mochawesome",
        "saveHtml": false,
        "saveJson": true,
        "consoleReporter": "spec",
        "useInlineDiffs": false,
        "code": true
      },
      "version": "6.2.2"
    },
    "marge": {
      "options": {
        "reportDir": "cypress/results/json",
        "overwrite": false,
        "html": false,
        "json": true
      },
      "version": "5.2.0"
    }
  }
}