{
  "stats": {
    "suites": 1,
    "tests": 2,
    "passes": 2,
    "pending": 0,
    "failures": 0,
    "start": "2021-03-10T15:51:54.989Z",
    "end": "2021-03-10T15:52:01.069Z",
    "duration": 6080,
    "testsRegistered": 2,
    "passPercent": 100,
    "pendingPercent": 0,
    "other": 0,
    "hasOther": false,
    "skipped": 0,
    "hasSkipped": false
  },
  "results": [
    {
      "uuid": "d980a6ed-59f9-41d5-a308-b65633f74729",
      "title": "",
      "fullFile": "cypress\\integration\\login.ts",
      "file": "cypress\\integration\\login.ts",
      "beforeHooks": [],
      "afterHooks": [],
      "tests": [],
      "suites": [
        {
          "uuid": "6964fe57-f112-40a7-8c73-f71fc42d5660",
          "title": "All login tests",
          "fullFile": "",
          "file": "",
          "beforeHooks": [],
          "afterHooks": [],
          "tests": [
            {
              "title": "login test - valid credentials",
              "fullTitle": "All login tests login test - valid credentials",
              "timedOut": null,
              "duration": 2328,
              "state": "passed",
              "speed": "slow",
              "pass": true,
              "fail": false,
              "pending": false,
              "context": null,
              "code": "loginPage.loginWithValidCredentials('test', 'test');",
              "err": {},
              "uuid": "6f70c4b4-997a-4807-b84b-8510c166d02b",
              "parentUUID": "6964fe57-f112-40a7-8c73-f71fc42d5660",
              "isHook": false,
              "skipped": false
            },
            {
              "title": "login test - Invalid credentials",
              "fullTitle": "All login tests login test - Invalid credentials",
              "timedOut": null,
              "duration": 1246,
              "state": "passed",
              "speed": "slow",
              "pass": true,
              "fail": false,
              "pending": false,
              "context": null,
              "code": "loginPage.loginWithInvalidCredentials('abc', '123');",
              "err": {},
              "uuid": "5d768121-81b6-4288-92a4-ef22d34b1660",
              "parentUUID": "6964fe57-f112-40a7-8c73-f71fc42d5660",
              "isHook": false,
              "skipped": false
            }
          ],
          "suites": [],
          "passes": [
            "6f70c4b4-997a-4807-b84b-8510c166d02b",
            "5d768121-81b6-4288-92a4-ef22d34b1660"
          ],
          "failures": [],
          "pending": [],
          "skipped": [],
          "duration": 3574,
          "root": false,
          "rootEmpty": false,
          "_timeout": 2000
        }
      ],
      "passes": [],
      "failures": [],
      "pending": [],
      "skipped": [],
      "duration": 0,
      "root": true,
      "rootEmpty": true,
      "_timeout": 2000
    }
  ],
  "meta": {
    "mocha": {
      "version": "7.0.1"
    },
    "mochawesome": {
      "options": {
        "quiet": false,
        "reportFilename": "mochawesome",
        "saveHtml": false,
        "saveJson": true,
        "consoleReporter": "spec",
        "useInlineDiffs": false,
        "code": true
      },
      "version": "6.2.2"
    },
    "marge": {
      "options": {
        "reportDir": "cypress/results/json",
        "overwrite": false,
        "html": false,
        "json": true
      },
      "version": "5.2.0"
    }
  }
}