{
  "stats": {
    "suites": 1,
    "tests": 3,
    "passes": 3,
    "pending": 0,
    "failures": 0,
    "start": "2021-03-11T08:48:58.910Z",
    "end": "2021-03-11T08:49:05.368Z",
    "duration": 6458,
    "testsRegistered": 3,
    "passPercent": 100,
    "pendingPercent": 0,
    "other": 0,
    "hasOther": false,
    "skipped": 0,
    "hasSkipped": false
  },
  "results": [
    {
      "uuid": "79ded0f1-8a58-4273-8833-a45055a4eeb7",
      "title": "",
      "fullFile": "cypress\\integration\\login.ts",
      "file": "cypress\\integration\\login.ts",
      "beforeHooks": [],
      "afterHooks": [],
      "tests": [],
      "suites": [
        {
          "uuid": "22d6c0c6-52b1-46a7-8d1f-75d6ce7a1d14",
          "title": "All login tests",
          "fullFile": "",
          "file": "",
          "beforeHooks": [],
          "afterHooks": [],
          "tests": [
            {
              "title": "login test - valid credentials",
              "fullTitle": "All login tests login test - valid credentials",
              "timedOut": null,
              "duration": 1850,
              "state": "passed",
              "speed": "slow",
              "pass": true,
              "fail": false,
              "pending": false,
              "context": null,
              "code": "loginPage.loginWithValidCredentials('test', 'test');",
              "err": {},
              "uuid": "9f8e2ff2-d1c4-4b5c-b972-9db078fadeaa",
              "parentUUID": "22d6c0c6-52b1-46a7-8d1f-75d6ce7a1d14",
              "isHook": false,
              "skipped": false
            },
            {
              "title": "login test - Invalid credentials",
              "fullTitle": "All login tests login test - Invalid credentials",
              "timedOut": null,
              "duration": 904,
              "state": "passed",
              "speed": "slow",
              "pass": true,
              "fail": false,
              "pending": false,
              "context": null,
              "code": "loginPage.loginWithInvalidCredentials('abc', '123');",
              "err": {},
              "uuid": "588840aa-c473-4184-8f5d-80caa27457e1",
              "parentUUID": "22d6c0c6-52b1-46a7-8d1f-75d6ce7a1d14",
              "isHook": false,
              "skipped": false
            },
            {
              "title": "login test - valid custom commands",
              "fullTitle": "All login tests login test - valid custom commands",
              "timedOut": null,
              "duration": 1186,
              "state": "passed",
              "speed": "slow",
              "pass": true,
              "fail": false,
              "pending": false,
              "context": null,
              "code": "loginPage.loginWithValidCustomCommands('test', 'test');",
              "err": {},
              "uuid": "11f763b6-0893-4c49-aa03-563d81d252e3",
              "parentUUID": "22d6c0c6-52b1-46a7-8d1f-75d6ce7a1d14",
              "isHook": false,
              "skipped": false
            }
          ],
          "suites": [],
          "passes": [
            "9f8e2ff2-d1c4-4b5c-b972-9db078fadeaa",
            "588840aa-c473-4184-8f5d-80caa27457e1",
            "11f763b6-0893-4c49-aa03-563d81d252e3"
          ],
          "failures": [],
          "pending": [],
          "skipped": [],
          "duration": 3940,
          "root": false,
          "rootEmpty": false,
          "_timeout": 2000
        }
      ],
      "passes": [],
      "failures": [],
      "pending": [],
      "skipped": [],
      "duration": 0,
      "root": true,
      "rootEmpty": true,
      "_timeout": 2000
    }
  ],
  "meta": {
    "mocha": {
      "version": "7.0.1"
    },
    "mochawesome": {
      "options": {
        "quiet": false,
        "reportFilename": "mochawesome",
        "saveHtml": false,
        "saveJson": true,
        "consoleReporter": "spec",
        "useInlineDiffs": false,
        "code": true
      },
      "version": "6.2.2"
    },
    "marge": {
      "options": {
        "reportDir": "cypress/results/json",
        "overwrite": false,
        "html": false,
        "json": true
      },
      "version": "5.2.0"
    }
  }
}