{
  "stats": {
    "suites": 1,
    "tests": 3,
    "passes": 1,
    "pending": 0,
    "failures": 2,
    "start": "2021-03-11T08:55:38.727Z",
    "end": "2021-03-11T08:55:52.505Z",
    "duration": 13778,
    "testsRegistered": 3,
    "passPercent": 33.33333333333333,
    "pendingPercent": 0,
    "other": 0,
    "hasOther": false,
    "skipped": 0,
    "hasSkipped": false
  },
  "results": [
    {
      "uuid": "2ab91601-a9c1-485b-b309-48646d9840a6",
      "title": "",
      "fullFile": "cypress\\integration\\login.ts",
      "file": "cypress\\integration\\login.ts",
      "beforeHooks": [],
      "afterHooks": [],
      "tests": [],
      "suites": [
        {
          "uuid": "10db1541-e38e-470e-ba0d-bf3cfaca7bfb",
          "title": "All login tests",
          "fullFile": "",
          "file": "",
          "beforeHooks": [],
          "afterHooks": [],
          "tests": [
            {
              "title": "login test - valid credentials",
              "fullTitle": "All login tests login test - valid credentials",
              "timedOut": null,
              "duration": 4914,
              "state": "failed",
              "speed": null,
              "pass": false,
              "fail": true,
              "pending": false,
              "context": "{\n  \"title\": \"Failed screenshot\",\n  \"value\": \"screenshots\\\\login.ts\\\\All login tests -- login test - valid credentials (failed).png\"\n}",
              "code": "loginPage.loginWithValidCredentials('test', 'test');",
              "err": {
                "message": "AssertionError: Timed out retrying after 4000ms: Expected to find element: `#unamed`, but never found it.",
                "estack": "AssertionError: Timed out retrying after 4000ms: Expected to find element: `#unamed`, but never found it.\n    at LoginPage../cypress/pages/login_page.ts.LoginPage.loginWithValidCredentials (https://trytestingthis.netlify.app/__cypress/tests?p=cypress\\integration\\login.ts:143:12)\n    at Context.eval (https://trytestingthis.netlify.app/__cypress/tests?p=cypress\\integration\\login.ts:111:19)",
                "diff": null
              },
              "uuid": "36a2c8e1-3bea-43a5-af75-c4717abc73f9",
              "parentUUID": "10db1541-e38e-470e-ba0d-bf3cfaca7bfb",
              "isHook": false,
              "skipped": false
            },
            {
              "title": "login test - Invalid credentials",
              "fullTitle": "All login tests login test - Invalid credentials",
              "timedOut": null,
              "duration": 4863,
              "state": "failed",
              "speed": null,
              "pass": false,
              "fail": true,
              "pending": false,
              "context": "{\n  \"title\": \"Failed screenshot\",\n  \"value\": \"screenshots\\\\login.ts\\\\All login tests -- login test - Invalid credentials (failed).png\"\n}",
              "code": "loginPage.loginWithInvalidCredentials('abc', '123');",
              "err": {
                "message": "AssertionError: Timed out retrying after 4000ms: Expected to find element: `#unamed`, but never found it.",
                "estack": "AssertionError: Timed out retrying after 4000ms: Expected to find element: `#unamed`, but never found it.\n    at LoginPage../cypress/pages/login_page.ts.LoginPage.loginWithInvalidCredentials (https://trytestingthis.netlify.app/__cypress/tests?p=cypress\\integration\\login.ts:150:12)\n    at Context.eval (https://trytestingthis.netlify.app/__cypress/tests?p=cypress\\integration\\login.ts:114:19)",
                "diff": null
              },
              "uuid": "f17f5a49-685b-435d-86cf-654f559319d9",
              "parentUUID": "10db1541-e38e-470e-ba0d-bf3cfaca7bfb",
              "isHook": false,
              "skipped": false
            },
            {
              "title": "login test - valid custom commands",
              "fullTitle": "All login tests login test - valid custom commands",
              "timedOut": null,
              "duration": 1417,
              "state": "passed",
              "speed": "slow",
              "pass": true,
              "fail": false,
              "pending": false,
              "context": null,
              "code": "loginPage.loginWithValidCustomCommands('test', 'test');",
              "err": {},
              "uuid": "9f68abbc-ee23-4ec1-99e5-5527847e4537",
              "parentUUID": "10db1541-e38e-470e-ba0d-bf3cfaca7bfb",
              "isHook": false,
              "skipped": false
            }
          ],
          "suites": [],
          "passes": [
            "9f68abbc-ee23-4ec1-99e5-5527847e4537"
          ],
          "failures": [
            "36a2c8e1-3bea-43a5-af75-c4717abc73f9",
            "f17f5a49-685b-435d-86cf-654f559319d9"
          ],
          "pending": [],
          "skipped": [],
          "duration": 11194,
          "root": false,
          "rootEmpty": false,
          "_timeout": 2000
        }
      ],
      "passes": [],
      "failures": [],
      "pending": [],
      "skipped": [],
      "duration": 0,
      "root": true,
      "rootEmpty": true,
      "_timeout": 2000
    }
  ],
  "meta": {
    "mocha": {
      "version": "7.0.1"
    },
    "mochawesome": {
      "options": {
        "quiet": false,
        "reportFilename": "mochawesome",
        "saveHtml": false,
        "saveJson": true,
        "consoleReporter": "spec",
        "useInlineDiffs": false,
        "code": true
      },
      "version": "6.2.2"
    },
    "marge": {
      "options": {
        "reportDir": "cypress/results/json",
        "overwrite": false,
        "html": false,
        "json": true
      },
      "version": "5.2.0"
    }
  }
}