{
  "stats": {
    "suites": 0,
    "tests": 1,
    "passes": 1,
    "pending": 0,
    "failures": 0,
    "start": "2021-03-11T08:48:48.037Z",
    "end": "2021-03-11T08:48:48.568Z",
    "duration": 531,
    "testsRegistered": 1,
    "passPercent": 100,
    "pendingPercent": 0,
    "other": 0,
    "hasOther": false,
    "skipped": 0,
    "hasSkipped": false
  },
  "results": [
    {
      "uuid": "36f1b270-4a68-4585-bbc9-a6ee72f8d4cd",
      "title": "",
      "fullFile": "cypress\\integration\\fileupload_download.ts",
      "file": "cypress\\integration\\fileupload_download.ts",
      "beforeHooks": [],
      "afterHooks": [],
      "tests": [
        {
          "title": "File download demo",
          "fullTitle": "File download demo",
          "timedOut": null,
          "duration": 501,
          "state": "passed",
          "speed": "slow",
          "pass": true,
          "fail": false,
          "pending": false,
          "context": null,
          "code": "cy.downloadFile('https://upload.wikimedia.org/wikipedia/en/a/a9/Example.jpg', 'mydownloads', 'example.jpg');",
          "err": {},
          "uuid": "1d1c8cbd-6fe8-46c3-8df2-ed7f601b5daf",
          "parentUUID": "36f1b270-4a68-4585-bbc9-a6ee72f8d4cd",
          "isHook": false,
          "skipped": false
        }
      ],
      "suites": [],
      "passes": [
        "1d1c8cbd-6fe8-46c3-8df2-ed7f601b5daf"
      ],
      "failures": [],
      "pending": [],
      "skipped": [],
      "duration": 501,
      "root": true,
      "rootEmpty": false,
      "_timeout": 2000
    }
  ],
  "meta": {
    "mocha": {
      "version": "7.0.1"
    },
    "mochawesome": {
      "options": {
        "quiet": false,
        "reportFilename": "mochawesome",
        "saveHtml": false,
        "saveJson": true,
        "consoleReporter": "spec",
        "useInlineDiffs": false,
        "code": true
      },
      "version": "6.2.2"
    },
    "marge": {
      "options": {
        "reportDir": "cypress/results/json",
        "overwrite": false,
        "html": false,
        "json": true
      },
      "version": "5.2.0"
    }
  }
}