{
  "stats": {
    "suites": 1,
    "tests": 2,
    "passes": 2,
    "pending": 0,
    "failures": 0,
    "start": "2021-03-11T08:44:42.395Z",
    "end": "2021-03-11T08:44:44.825Z",
    "duration": 2430,
    "testsRegistered": 2,
    "passPercent": 100,
    "pendingPercent": 0,
    "other": 0,
    "hasOther": false,
    "skipped": 0,
    "hasSkipped": false
  },
  "results": [
    {
      "uuid": "63710c70-26cf-4de4-8c1d-14ee6bfeec9b",
      "title": "",
      "fullFile": "cypress\\integration\\recordingDemo.js",
      "file": "cypress\\integration\\recordingDemo.js",
      "beforeHooks": [],
      "afterHooks": [],
      "tests": [],
      "suites": [
        {
          "uuid": "e7107a94-97f7-477d-8598-9d845cc919dc",
          "title": "Recorded tests",
          "fullFile": "",
          "file": "",
          "beforeHooks": [],
          "afterHooks": [],
          "tests": [
            {
              "title": "My first recorded test",
              "fullTitle": "Recorded tests My first recorded test",
              "timedOut": null,
              "duration": 50,
              "state": "passed",
              "speed": "medium",
              "pass": true,
              "fail": false,
              "pending": false,
              "context": null,
              "code": "",
              "err": {},
              "uuid": "28d8b779-b564-4465-bff7-1333a9136011",
              "parentUUID": "e7107a94-97f7-477d-8598-9d845cc919dc",
              "isHook": false,
              "skipped": false
            },
            {
              "title": "My recorded test",
              "fullTitle": "Recorded tests My recorded test",
              "timedOut": null,
              "duration": 1112,
              "state": "passed",
              "speed": "slow",
              "pass": true,
              "fail": false,
              "pending": false,
              "context": null,
              "code": "/* ==== Generated with Cypress Studio ==== */\ncy.visit('https://trytestingthis.netlify.app/');\ncy.get('#fname').type('test');\ncy.get('#lname').type('test'); //cy.get('.main').click();\ncy.get('[type=\"submit\"]').click();\n/* ==== End Cypress Studio ==== */",
              "err": {},
              "uuid": "bef7851e-e1f0-45aa-874d-ae457cdc0444",
              "parentUUID": "e7107a94-97f7-477d-8598-9d845cc919dc",
              "isHook": false,
              "skipped": false
            }
          ],
          "suites": [],
          "passes": [
            "28d8b779-b564-4465-bff7-1333a9136011",
            "bef7851e-e1f0-45aa-874d-ae457cdc0444"
          ],
          "failures": [],
          "pending": [],
          "skipped": [],
          "duration": 1162,
          "root": false,
          "rootEmpty": false,
          "_timeout": 2000
        }
      ],
      "passes": [],
      "failures": [],
      "pending": [],
      "skipped": [],
      "duration": 0,
      "root": true,
      "rootEmpty": true,
      "_timeout": 2000
    }
  ],
  "meta": {
    "mocha": {
      "version": "7.0.1"
    },
    "mochawesome": {
      "options": {
        "quiet": false,
        "reportFilename": "mochawesome",
        "saveHtml": false,
        "saveJson": true,
        "consoleReporter": "spec",
        "useInlineDiffs": false,
        "code": true
      },
      "version": "6.2.2"
    },
    "marge": {
      "options": {
        "reportDir": "cypress/results/json",
        "overwrite": false,
        "html": false,
        "json": true
      },
      "version": "5.2.0"
    }
  }
}