{
  "stats": {
    "suites": 1,
    "tests": 2,
    "passes": 2,
    "pending": 0,
    "failures": 0,
    "start": "2021-03-10T15:52:10.946Z",
    "end": "2021-03-10T15:52:14.130Z",
    "duration": 3184,
    "testsRegistered": 2,
    "passPercent": 100,
    "pendingPercent": 0,
    "other": 0,
    "hasOther": false,
    "skipped": 0,
    "hasSkipped": false
  },
  "results": [
    {
      "uuid": "d705d1db-9213-4126-812c-bc04fa9adacd",
      "title": "",
      "fullFile": "cypress\\integration\\recordingDemo.js",
      "file": "cypress\\integration\\recordingDemo.js",
      "beforeHooks": [],
      "afterHooks": [],
      "tests": [],
      "suites": [
        {
          "uuid": "83f262a1-ed8c-42a1-9a31-2cf59c0f4f9c",
          "title": "Recorded tests",
          "fullFile": "",
          "file": "",
          "beforeHooks": [],
          "afterHooks": [],
          "tests": [
            {
              "title": "My first recorded test",
              "fullTitle": "Recorded tests My first recorded test",
              "timedOut": null,
              "duration": 69,
              "state": "passed",
              "speed": "medium",
              "pass": true,
              "fail": false,
              "pending": false,
              "context": null,
              "code": "",
              "err": {},
              "uuid": "bdebc848-1b34-4563-aaad-bd080d8081c4",
              "parentUUID": "83f262a1-ed8c-42a1-9a31-2cf59c0f4f9c",
              "isHook": false,
              "skipped": false
            },
            {
              "title": "My recorded test",
              "fullTitle": "Recorded tests My recorded test",
              "timedOut": null,
              "duration": 1357,
              "state": "passed",
              "speed": "slow",
              "pass": true,
              "fail": false,
              "pending": false,
              "context": null,
              "code": "/* ==== Generated with Cypress Studio ==== */\ncy.visit('https://trytestingthis.netlify.app/');\ncy.get('#fname').type('test');\ncy.get('#lname').type('test'); //cy.get('.main').click();\ncy.get('.btn').click();\n/* ==== End Cypress Studio ==== */",
              "err": {},
              "uuid": "f37578e4-d935-4d2a-af61-5b74f16c71a0",
              "parentUUID": "83f262a1-ed8c-42a1-9a31-2cf59c0f4f9c",
              "isHook": false,
              "skipped": false
            }
          ],
          "suites": [],
          "passes": [
            "bdebc848-1b34-4563-aaad-bd080d8081c4",
            "f37578e4-d935-4d2a-af61-5b74f16c71a0"
          ],
          "failures": [],
          "pending": [],
          "skipped": [],
          "duration": 1426,
          "root": false,
          "rootEmpty": false,
          "_timeout": 2000
        }
      ],
      "passes": [],
      "failures": [],
      "pending": [],
      "skipped": [],
      "duration": 0,
      "root": true,
      "rootEmpty": true,
      "_timeout": 2000
    }
  ],
  "meta": {
    "mocha": {
      "version": "7.0.1"
    },
    "mochawesome": {
      "options": {
        "quiet": false,
        "reportFilename": "mochawesome",
        "saveHtml": false,
        "saveJson": true,
        "consoleReporter": "spec",
        "useInlineDiffs": false,
        "code": true
      },
      "version": "6.2.2"
    },
    "marge": {
      "options": {
        "reportDir": "cypress/results/json",
        "overwrite": false,
        "html": false,
        "json": true
      },
      "version": "5.2.0"
    }
  }
}