{
  "stats": {
    "suites": 1,
    "tests": 6,
    "passes": 6,
    "pending": 0,
    "failures": 0,
    "start": "2021-03-11T08:54:48.198Z",
    "end": "2021-03-11T08:54:50.823Z",
    "duration": 2625,
    "testsRegistered": 6,
    "passPercent": 100,
    "pendingPercent": 0,
    "other": 0,
    "hasOther": false,
    "skipped": 0,
    "hasSkipped": false
  },
  "results": [
    {
      "uuid": "e0394cf9-5ff9-40e2-8b18-52263336d941",
      "title": "",
      "fullFile": "cypress\\integration\\api_test_1.spec.js",
      "file": "cypress\\integration\\api_test_1.spec.js",
      "beforeHooks": [],
      "afterHooks": [],
      "tests": [],
      "suites": [
        {
          "uuid": "7717ac7f-68cc-41ac-bff1-41281f12dfaf",
          "title": "All API test",
          "fullFile": "",
          "file": "",
          "beforeHooks": [],
          "afterHooks": [],
          "tests": [
            {
              "title": "GET 1",
              "fullTitle": "All API test GET 1",
              "timedOut": null,
              "duration": 544,
              "state": "passed",
              "speed": "slow",
              "pass": true,
              "fail": false,
              "pending": false,
              "context": null,
              "code": "cy.request('GET', '/users?page=2').then(function (response) {\n  expect(response).to.have.property('status', 200);\n  expect(response.status).to.equal(200);\n  expect(response.body).not.be[\"null\"];\n  expect(response.body).to.have.property('page', 2);\n  expect(response.body.data).to.have.length(6);\n});",
              "err": {},
              "uuid": "0ac0ac0b-494c-42c4-889e-1ef8faaaa851",
              "parentUUID": "7717ac7f-68cc-41ac-bff1-41281f12dfaf",
              "isHook": false,
              "skipped": false
            },
            {
              "title": "GET 2",
              "fullTitle": "All API test GET 2",
              "timedOut": null,
              "duration": 139,
              "state": "passed",
              "speed": "slow",
              "pass": true,
              "fail": false,
              "pending": false,
              "context": null,
              "code": "cy.request('GET', '/users?page=2').as('user_list');\ncy.get('@user_list').should(function (response) {\n  expect(response).to.have.property('status', 200);\n  expect(response.status).to.equal(200);\n  expect(response.body).not.be[\"null\"];\n  expect(response.body).to.have.property('page', 2);\n  expect(response.body.data).to.have.length(6);\n});",
              "err": {},
              "uuid": "107dbdb7-9f54-447f-80af-3565162622b2",
              "parentUUID": "7717ac7f-68cc-41ac-bff1-41281f12dfaf",
              "isHook": false,
              "skipped": false
            },
            {
              "title": "Get 3",
              "fullTitle": "All API test Get 3",
              "timedOut": null,
              "duration": 148,
              "state": "passed",
              "speed": "slow",
              "pass": true,
              "fail": false,
              "pending": false,
              "context": null,
              "code": "cy.request({\n  'method': 'GET',\n  'url': '/users?page=2'\n}).then(function (response) {\n  expect(response).to.have.property('status', 200);\n  expect(response.status).to.equal(200);\n  expect(response.body).not.be[\"null\"];\n  expect(response.body).to.have.property('page', 2);\n  expect(response.body.data).to.have.length(6);\n});",
              "err": {},
              "uuid": "d8eb77b7-8e4b-4a23-8381-fcbb4dced74b",
              "parentUUID": "7717ac7f-68cc-41ac-bff1-41281f12dfaf",
              "isHook": false,
              "skipped": false
            },
            {
              "title": "POST 1 ",
              "fullTitle": "All API test POST 1 ",
              "timedOut": null,
              "duration": 547,
              "state": "passed",
              "speed": "slow",
              "pass": true,
              "fail": false,
              "pending": false,
              "context": null,
              "code": "cy.request({\n  'method': 'POST',\n  'url': '/users',\n  body: {\n    \"name\": \"Raghav\",\n    \"job\": \"Teacher\"\n  }\n});",
              "err": {},
              "uuid": "0e145133-2f2a-43cc-8a8e-f28e7773c327",
              "parentUUID": "7717ac7f-68cc-41ac-bff1-41281f12dfaf",
              "isHook": false,
              "skipped": false
            },
            {
              "title": "PUT 1",
              "fullTitle": "All API test PUT 1",
              "timedOut": null,
              "duration": 567,
              "state": "passed",
              "speed": "slow",
              "pass": true,
              "fail": false,
              "pending": false,
              "context": null,
              "code": "cy.request({\n  'method': 'PUT',\n  'url': '/users/2',\n  body: {\n    \"name\": \"John\",\n    \"job\": \"Engineer\"\n  }\n}).then(function (response) {\n  expect(response).to.have.property('status', 200);\n  expect(response.status).to.equal(200);\n  expect(response.body).not.to.be[\"null\"];\n});",
              "err": {},
              "uuid": "1b394f51-440e-4f66-92a1-1a5a971acba5",
              "parentUUID": "7717ac7f-68cc-41ac-bff1-41281f12dfaf",
              "isHook": false,
              "skipped": false
            },
            {
              "title": "DELETE 1",
              "fullTitle": "All API test DELETE 1",
              "timedOut": null,
              "duration": 530,
              "state": "passed",
              "speed": "slow",
              "pass": true,
              "fail": false,
              "pending": false,
              "context": null,
              "code": "cy.request({\n  'method': 'DELETE',\n  'url': 'users/2'\n}).then(function (response) {\n  expect(response).to.have.property('status', 204);\n  expect(response.status).to.equal(204);\n  expect(response.body).not.be[\"null\"];\n});",
              "err": {},
              "uuid": "e58fd914-1d43-433b-b262-07ef5328895e",
              "parentUUID": "7717ac7f-68cc-41ac-bff1-41281f12dfaf",
              "isHook": false,
              "skipped": false
            }
          ],
          "suites": [],
          "passes": [
            "0ac0ac0b-494c-42c4-889e-1ef8faaaa851",
            "107dbdb7-9f54-447f-80af-3565162622b2",
            "d8eb77b7-8e4b-4a23-8381-fcbb4dced74b",
            "0e145133-2f2a-43cc-8a8e-f28e7773c327",
            "1b394f51-440e-4f66-92a1-1a5a971acba5",
            "e58fd914-1d43-433b-b262-07ef5328895e"
          ],
          "failures": [],
          "pending": [],
          "skipped": [],
          "duration": 2475,
          "root": false,
          "rootEmpty": false,
          "_timeout": 2000
        }
      ],
      "passes": [],
      "failures": [],
      "pending": [],
      "skipped": [],
      "duration": 0,
      "root": true,
      "rootEmpty": true,
      "_timeout": 2000
    }
  ],
  "meta": {
    "mocha": {
      "version": "7.0.1"
    },
    "mochawesome": {
      "options": {
        "quiet": false,
        "reportFilename": "mochawesome",
        "saveHtml": false,
        "saveJson": true,
        "consoleReporter": "spec",
        "useInlineDiffs": false,
        "code": true
      },
      "version": "6.2.2"
    },
    "marge": {
      "options": {
        "reportDir": "cypress/results/json",
        "overwrite": false,
        "html": false,
        "json": true
      },
      "version": "5.2.0"
    }
  }
}