{
  "stats": {
    "suites": 1,
    "tests": 3,
    "passes": 3,
    "pending": 0,
    "failures": 0,
    "start": "2021-03-11T08:44:33.455Z",
    "end": "2021-03-11T08:44:33.738Z",
    "duration": 283,
    "testsRegistered": 3,
    "passPercent": 100,
    "pendingPercent": 0,
    "other": 0,
    "hasOther": false,
    "skipped": 0,
    "hasSkipped": false
  },
  "results": [
    {
      "uuid": "433a1cc8-9c0e-4fb6-929d-5069a5103238",
      "title": "",
      "fullFile": "cypress\\integration\\ReadWriteFile.spec.ts",
      "file": "cypress\\integration\\ReadWriteFile.spec.ts",
      "beforeHooks": [],
      "afterHooks": [],
      "tests": [],
      "suites": [
        {
          "uuid": "6fedad1e-c6c9-4513-8e8a-286ce4143abc",
          "title": "read Write file demo",
          "fullFile": "",
          "file": "",
          "beforeHooks": [],
          "afterHooks": [],
          "tests": [
            {
              "title": "read file using fixture",
              "fullTitle": "read Write file demo read file using fixture",
              "timedOut": null,
              "duration": 144,
              "state": "passed",
              "speed": "slow",
              "pass": true,
              "fail": false,
              "pending": false,
              "context": null,
              "code": "cy.fixture('example.json')\n    .its('name').should('eq', 'cypress');\n//want to access file data\ncy.log(this.data.name);\ncy.log(this.data.email);",
              "err": {},
              "uuid": "db975617-ed05-4be3-88c7-dcc73dc70c69",
              "parentUUID": "6fedad1e-c6c9-4513-8e8a-286ce4143abc",
              "isHook": false,
              "skipped": false
            },
            {
              "title": "Read file using ReadFile cmd",
              "fullTitle": "read Write file demo Read file using ReadFile cmd",
              "timedOut": null,
              "duration": 51,
              "state": "passed",
              "speed": "medium",
              "pass": true,
              "fail": false,
              "pending": false,
              "context": null,
              "code": "cy.readFile('./cypress/fixtures/example.json')\n    .its('name').should('eq', 'cypress');",
              "err": {},
              "uuid": "6c6b81d5-dd15-49e5-adb7-3133fbc056ea",
              "parentUUID": "6fedad1e-c6c9-4513-8e8a-286ce4143abc",
              "isHook": false,
              "skipped": false
            },
            {
              "title": "Write file demo",
              "fullTitle": "read Write file demo Write file demo",
              "timedOut": null,
              "duration": 46,
              "state": "passed",
              "speed": "medium",
              "pass": true,
              "fail": false,
              "pending": false,
              "context": null,
              "code": "cy.writeFile('sample.txt', 'Hello i am learning cypress');\ncy.writeFile('sample.txt', '\\nThis is interesting', { flag: 'a+' });",
              "err": {},
              "uuid": "07d2934b-ec59-4e3e-a85e-56cef32519f2",
              "parentUUID": "6fedad1e-c6c9-4513-8e8a-286ce4143abc",
              "isHook": false,
              "skipped": false
            }
          ],
          "suites": [],
          "passes": [
            "db975617-ed05-4be3-88c7-dcc73dc70c69",
            "6c6b81d5-dd15-49e5-adb7-3133fbc056ea",
            "07d2934b-ec59-4e3e-a85e-56cef32519f2"
          ],
          "failures": [],
          "pending": [],
          "skipped": [],
          "duration": 241,
          "root": false,
          "rootEmpty": false,
          "_timeout": 2000
        }
      ],
      "passes": [],
      "failures": [],
      "pending": [],
      "skipped": [],
      "duration": 0,
      "root": true,
      "rootEmpty": true,
      "_timeout": 2000
    }
  ],
  "meta": {
    "mocha": {
      "version": "7.0.1"
    },
    "mochawesome": {
      "options": {
        "quiet": false,
        "reportFilename": "mochawesome",
        "saveHtml": false,
        "saveJson": true,
        "consoleReporter": "spec",
        "useInlineDiffs": false,
        "code": true
      },
      "version": "6.2.2"
    },
    "marge": {
      "options": {
        "reportDir": "cypress/results/json",
        "overwrite": false,
        "html": false,
        "json": true
      },
      "version": "5.2.0"
    }
  }
}